[01:34:20.595][INFO]: Successfully injected RecipeFS file system
[01:34:20.620][INFO]: Successfully identified and loaded plugin crafttweaker:builtin
[01:34:20.621][INFO]: Successfully identified and loaded plugin crafttweaker:builtin_forge
[01:34:20.624][INFO]: Successfully identified and loaded plugin farmersdelight:crafttweaker_plugin
[01:34:21.284][INFO]: The following mods have explicit CraftTweaker support through the default plugin:
[01:34:21.348][INFO]: - 'aether' at version '1.19.2-1.4.2-forge'
[01:34:21.348][INFO]: - 'aquaculture' at version '1.19.2-2.4.17'
[01:34:21.348][INFO]: - 'crafttweaker' at version '10.1.56'
[01:34:21.348][INFO]: - 'farmersdelight' at version '1.19.2-1.2.4'
[01:34:21.348][INFO]: - 'gamestages' at version '11.1.4'
[01:34:21.348][INFO]: - 'itemstages' at version '5.1.4'
[01:34:35.395][INFO]: Started loading scripts for loader 'initialize'
[01:34:36.239][INFO]: Compiling and executing scripts
[01:34:36.308][INFO]: Successfully initialized modules [crafttweaker, expansions]
[01:34:36.512][INFO]: Execution for loader 'initialize' completed successfully
[01:34:49.235][INFO]: Started loading scripts for loader 'tags'
[01:34:49.279][INFO]: Compiling and executing scripts
[01:34:49.300][INFO]: Successfully initialized modules [crafttweaker, expansions]
[01:34:49.315][INFO]: Execution for loader 'tags' completed successfully
[01:34:55.584][INFO]: Started loading scripts for loader 'crafttweaker'
[01:34:55.621][INFO]: Compiling and executing scripts
[01:34:56.078][INFO]: Successfully initialized modules [mods, crafttweaker, expansions]
[01:34:56.090][INFO]: Execution for loader 'crafttweaker' completed successfully
